[2025-05-15 17:39:20,237] [INFO] [Watcher] Watcher started.
[2025-05-15 17:39:21,094] [DEBUG] [Watcher] Found process PID 13540 with cmdline: ['C:\\Users\\suman\\AppData\\Local\\Programs\\Python\\Python313\\python.exe', 'C:\\Users\\suman\\OneDrive\\Desktop\\Roverlays (Prog)\\build\\scripts\\gui.pyw']
[2025-05-15 17:39:21,094] [DEBUG] [Watcher] Keystrokes enabled = False
[2025-05-15 17:39:21,095] [INFO] [Watcher] Keystrokes disabled. Stopping ks.pyw if running.
[2025-05-15 17:39:22,160] [DEBUG] [Watcher] No ks.pyw processes found to terminate.
[2025-05-15 17:39:23,946] [DEBUG] [Watcher] Found process PID 13540 with cmdline: ['C:\\Users\\suman\\AppData\\Local\\Programs\\Python\\Python313\\python.exe', 'C:\\Users\\suman\\OneDrive\\Desktop\\Roverlays (Prog)\\build\\scripts\\gui.pyw']
[2025-05-15 17:39:23,947] [DEBUG] [Watcher] Keystrokes enabled = False
[2025-05-15 17:39:25,814] [DEBUG] [Watcher] Found process PID 13540 with cmdline: ['C:\\Users\\suman\\AppData\\Local\\Programs\\Python\\Python313\\python.exe', 'C:\\Users\\suman\\OneDrive\\Desktop\\Roverlays (Prog)\\build\\scripts\\gui.pyw']
[2025-05-15 17:39:25,815] [DEBUG] [Watcher] Keystrokes enabled = False
[2025-05-15 17:39:27,694] [DEBUG] [Watcher] Found process PID 13540 with cmdline: ['C:\\Users\\suman\\AppData\\Local\\Programs\\Python\\Python313\\python.exe', 'C:\\Users\\suman\\OneDrive\\Desktop\\Roverlays (Prog)\\build\\scripts\\gui.pyw']
[2025-05-15 17:39:27,694] [DEBUG] [Watcher] Keystrokes enabled = False
[2025-05-15 17:39:29,613] [DEBUG] [Watcher] Found process PID 13540 with cmdline: ['C:\\Users\\suman\\AppData\\Local\\Programs\\Python\\Python313\\python.exe', 'C:\\Users\\suman\\OneDrive\\Desktop\\Roverlays (Prog)\\build\\scripts\\gui.pyw']
[2025-05-15 17:39:29,614] [DEBUG] [Watcher] Keystrokes enabled = False
[2025-05-15 17:39:29,726] [DEBUG] [GUI] Checkbox changed: True
[2025-05-15 17:39:29,730] [DEBUG] [GUI] Saved Keystrokes = True to settings.ini
[2025-05-15 17:39:31,377] [DEBUG] [Watcher] Found process PID 13540 with cmdline: ['C:\\Users\\suman\\AppData\\Local\\Programs\\Python\\Python313\\python.exe', 'C:\\Users\\suman\\OneDrive\\Desktop\\Roverlays (Prog)\\build\\scripts\\gui.pyw']
[2025-05-15 17:39:31,379] [DEBUG] [Watcher] Keystrokes enabled = True
[2025-05-15 17:39:32,164] [INFO] [Watcher] Starting ks.pyw: C:\Users\suman\OneDrive\Desktop\Roverlays (Prog)\build\scripts\ks.pyw
[2025-05-15 17:39:34,051] [DEBUG] [Watcher] Found process PID 13540 with cmdline: ['C:\\Users\\suman\\AppData\\Local\\Programs\\Python\\Python313\\python.exe', 'C:\\Users\\suman\\OneDrive\\Desktop\\Roverlays (Prog)\\build\\scripts\\gui.pyw']
[2025-05-15 17:39:34,052] [DEBUG] [Watcher] Keystrokes enabled = True
[2025-05-15 17:39:35,895] [DEBUG] [Watcher] Found process PID 13540 with cmdline: ['C:\\Users\\suman\\AppData\\Local\\Programs\\Python\\Python313\\python.exe', 'C:\\Users\\suman\\OneDrive\\Desktop\\Roverlays (Prog)\\build\\scripts\\gui.pyw']
[2025-05-15 17:39:35,896] [DEBUG] [Watcher] Keystrokes enabled = True
[2025-05-15 17:39:36,596] [DEBUG] [GUI] Checkbox changed: False
[2025-05-15 17:39:36,598] [DEBUG] [GUI] Saved Keystrokes = False to settings.ini
[2025-05-15 17:39:37,735] [DEBUG] [Watcher] Found process PID 13540 with cmdline: ['C:\\Users\\suman\\AppData\\Local\\Programs\\Python\\Python313\\python.exe', 'C:\\Users\\suman\\OneDrive\\Desktop\\Roverlays (Prog)\\build\\scripts\\gui.pyw']
[2025-05-15 17:39:37,737] [DEBUG] [Watcher] Keystrokes enabled = False
[2025-05-15 17:39:37,737] [INFO] [Watcher] Keystrokes disabled. Stopping ks.pyw if running.
[2025-05-15 17:39:38,469] [DEBUG] [Watcher] Terminating ks.pyw process PID 11340
[2025-05-15 17:39:38,493] [INFO] [Watcher] ks.pyw process PID 11340 terminated gracefully.
[2025-05-15 17:39:40,376] [DEBUG] [Watcher] Found process PID 13540 with cmdline: ['C:\\Users\\suman\\AppData\\Local\\Programs\\Python\\Python313\\python.exe', 'C:\\Users\\suman\\OneDrive\\Desktop\\Roverlays (Prog)\\build\\scripts\\gui.pyw']
[2025-05-15 17:39:40,376] [DEBUG] [Watcher] Keystrokes enabled = False
[2025-05-15 17:39:42,465] [DEBUG] [Watcher] Found process PID 13540 with cmdline: ['C:\\Users\\suman\\AppData\\Local\\Programs\\Python\\Python313\\python.exe', 'C:\\Users\\suman\\OneDrive\\Desktop\\Roverlays (Prog)\\build\\scripts\\gui.pyw']
[2025-05-15 17:39:42,466] [DEBUG] [Watcher] Keystrokes enabled = False
[2025-05-15 17:39:44,262] [DEBUG] [Watcher] Found process PID 13540 with cmdline: ['C:\\Users\\suman\\AppData\\Local\\Programs\\Python\\Python313\\python.exe', 'C:\\Users\\suman\\OneDrive\\Desktop\\Roverlays (Prog)\\build\\scripts\\gui.pyw']
[2025-05-15 17:39:44,263] [DEBUG] [Watcher] Keystrokes enabled = False
[2025-05-15 17:39:46,044] [DEBUG] [Watcher] Found process PID 13540 with cmdline: ['C:\\Users\\suman\\AppData\\Local\\Programs\\Python\\Python313\\python.exe', 'C:\\Users\\suman\\OneDrive\\Desktop\\Roverlays (Prog)\\build\\scripts\\gui.pyw']
[2025-05-15 17:39:46,045] [DEBUG] [Watcher] Keystrokes enabled = False
[2025-05-15 17:39:47,825] [DEBUG] [Watcher] Found process PID 13540 with cmdline: ['C:\\Users\\suman\\AppData\\Local\\Programs\\Python\\Python313\\python.exe', 'C:\\Users\\suman\\OneDrive\\Desktop\\Roverlays (Prog)\\build\\scripts\\gui.pyw']
[2025-05-15 17:39:47,826] [DEBUG] [Watcher] Keystrokes enabled = False
[2025-05-15 17:39:49,726] [DEBUG] [Watcher] Found process PID 13540 with cmdline: ['C:\\Users\\suman\\AppData\\Local\\Programs\\Python\\Python313\\python.exe', 'C:\\Users\\suman\\OneDrive\\Desktop\\Roverlays (Prog)\\build\\scripts\\gui.pyw']
[2025-05-15 17:39:49,727] [DEBUG] [Watcher] Keystrokes enabled = False
[2025-05-15 17:39:51,519] [DEBUG] [Watcher] Found process PID 13540 with cmdline: ['C:\\Users\\suman\\AppData\\Local\\Programs\\Python\\Python313\\python.exe', 'C:\\Users\\suman\\OneDrive\\Desktop\\Roverlays (Prog)\\build\\scripts\\gui.pyw']
[2025-05-15 17:39:51,520] [DEBUG] [Watcher] Keystrokes enabled = False
[2025-05-15 17:39:53,327] [DEBUG] [Watcher] Found process PID 13540 with cmdline: ['C:\\Users\\suman\\AppData\\Local\\Programs\\Python\\Python313\\python.exe', 'C:\\Users\\suman\\OneDrive\\Desktop\\Roverlays (Prog)\\build\\scripts\\gui.pyw']
[2025-05-15 17:39:53,327] [DEBUG] [Watcher] Keystrokes enabled = False
[2025-05-15 17:39:55,143] [DEBUG] [Watcher] Found process PID 13540 with cmdline: ['C:\\Users\\suman\\AppData\\Local\\Programs\\Python\\Python313\\python.exe', 'C:\\Users\\suman\\OneDrive\\Desktop\\Roverlays (Prog)\\build\\scripts\\gui.pyw']
[2025-05-15 17:39:55,143] [DEBUG] [Watcher] Keystrokes enabled = False
[2025-05-15 17:39:56,969] [DEBUG] [Watcher] Found process PID 13540 with cmdline: ['C:\\Users\\suman\\AppData\\Local\\Programs\\Python\\Python313\\python.exe', 'C:\\Users\\suman\\OneDrive\\Desktop\\Roverlays (Prog)\\build\\scripts\\gui.pyw']
[2025-05-15 17:39:56,970] [DEBUG] [Watcher] Keystrokes enabled = False
[2025-05-15 17:39:57,322] [INFO] [GUI] GUI closed.
[2025-05-15 17:39:58,842] [WARNING] [Watcher] GUI process not found. Exiting watcher and stopping ks.pyw if needed.
[2025-05-15 17:39:59,717] [DEBUG] [Watcher] No ks.pyw processes found to terminate.
[2025-05-15 17:43:56,642] [DEBUG] [GUI] Loaded settings.ini with Keystrokes = False
[2025-05-15 17:43:56,654] [INFO] [GUI] Launched watcher.pyw: C:\Users\suman\OneDrive\Desktop\Roverlays (Prog)\scripts\watcher.pyw
[2025-05-15 17:43:56,654] [INFO] [GUI] Starting GUI mainloop.
[2025-05-15 17:44:03,245] [DEBUG] [GUI] Checkbox changed: True
[2025-05-15 17:44:03,246] [DEBUG] [GUI] Saved Keystrokes = True to settings.ini
[2025-05-15 17:44:04,480] [DEBUG] [GUI] Checkbox changed: False
[2025-05-15 17:44:04,481] [DEBUG] [GUI] Saved Keystrokes = False to settings.ini
[2025-05-15 17:44:12,793] [DEBUG] [GUI] Checkbox changed: True
[2025-05-15 17:44:12,794] [DEBUG] [GUI] Saved Keystrokes = True to settings.ini
[2025-05-15 17:44:15,658] [DEBUG] [GUI] Checkbox changed: False
[2025-05-15 17:44:15,660] [DEBUG] [GUI] Saved Keystrokes = False to settings.ini
[2025-05-15 17:44:17,103] [INFO] [GUI] GUI closed.
